This is pid 5996
process.cwd:C:\vlab
process.argv:C:\Program Files\nodejs\node.exe,C:\vlab\vlab-node.js
listening on port 8081!
:: C:\vlab\get-vlabstats.ps1
:: C:\vlab\get-vlabstats.ps1
:: C:\vlab\get-vlabstats.ps1
/
:: C:\vlab\show-dashboard-html.ps1
The system cannot find the path specified.

    + CategoryInfo          : NotSpecified: (:) [Import-Clixml], CryptographicException
    + FullyQualifiedErrorId : System.Security.Cryptography.CryptographicException,Microsoft.PowerShell.Commands.Import 
   ClixmlCommand
    + PSComputerName        : localhost
 

Cannot validate argument on parameter 'Credential'. The argument is null or empty. Provide an argument that is not 

null or empty, and then try the command again.
    + CategoryInfo          : InvalidData: (:) [Connect-VIServer], ParameterBindingValidationException
    + FullyQualifiedErrorId : ParameterArgumentValidationError,VMware.VimAutomation.ViCore.Cmdlets.Commands.ConnectVIS 
   erver

    + PSComputerName        : localhost
 

The system cannot find the path specified.

    + CategoryInfo          : NotSpecified: (:) [Import-Clixml], CryptographicException
    + FullyQualifiedErrorId : System.Security.Cryptography.CryptographicException,Microsoft.PowerShell.Commands.Import 
   ClixmlCommand
    + PSComputerName        : localhost
 

Cannot validate argument on parameter 'Credential'. The argument is null or empty. Provide an argument that is not 

null or empty, and then try the command again.
    + CategoryInfo          : InvalidData: (:) [Connect-VIServer], ParameterBindingValidationException
    + FullyQualifiedErrorId : ParameterArgumentValidationError,VMware.VimAutomation.ViCore.Cmdlets.Commands.ConnectVIS 
   erver
    + PSComputerName        : localhost
 

The system cannot find the path specified.

    + CategoryInfo          : NotSpecified: (:) [Import-Clixml], CryptographicException
    + FullyQualifiedErrorId : System.Security.Cryptography.CryptographicException,Microsoft.PowerShell.Commands.Import 
   ClixmlCommand
    + PSComputerName        : localhost
 

:: C:\vlab\get-vlabstats.ps1
/
:: C:\vlab\show-dashboard-html.ps1
The system cannot find the path specified.

    + CategoryInfo          : NotSpecified: (:) [Import-Clixml], CryptographicException
    + FullyQualifiedErrorId : System.Security.Cryptography.CryptographicException,Microsoft.PowerShell.Commands.Import 
   ClixmlCommand
    + PSComputerName        : localhost
 

Cannot validate argument on parameter 'Credential'. The argument is null or empty. Provide an argument that is not 

null or empty, and then try the command again.

    + CategoryInfo          : InvalidData: (:) [Connect-VIServer], ParameterBindingValidationException

    + FullyQualifiedErrorId : ParameterArgumentValidationError,VMware.VimAutomation.ViCore.Cmdlets.Commands.ConnectVIS 

   erver

    + PSComputerName        : localhost

 

The system cannot find the path specified.

    + CategoryInfo          : NotSpecified: (:) [Import-Clixml], CryptographicException
    + FullyQualifiedErrorId : System.Security.Cryptography.CryptographicException,Microsoft.PowerShell.Commands.Import 
   ClixmlCommand
    + PSComputerName        : localhost
 

Cannot validate argument on parameter 'Credential'. The argument is null or empty. Provide an argument that is not 

null or empty, and then try the command again.
    + CategoryInfo          : InvalidData: (:) [Connect-VIServer], ParameterBindingValidationException
    + FullyQualifiedErrorId : ParameterArgumentValidationError,VMware.VimAutomation.ViCore.Cmdlets.Commands.ConnectVIS 
   erver
    + PSComputerName        : localhost

 

The system cannot find the path specified.

    + CategoryInfo          : NotSpecified: (:) [Import-Clixml], CryptographicException

    + FullyQualifiedErrorId : System.Security.Cryptography.CryptographicException,Microsoft.PowerShell.Commands.Import 

   ClixmlCommand

    + PSComputerName        : localhost

 

:: C:\vlab\get-vlabstats.ps1
This is pid 4564
process.cwd:C:\vlab
process.argv:C:\Program Files\nodejs\node.exe,C:\vlab\vlab-node.js
listening on port 8081!
:: C:\vlab\get-vlabstats.ps1
/
:: C:\vlab\show-dashboard-html.ps1
/
:: C:\vlab\show-dashboard-html.ps1
:: C:\vlab\get-vlabstats.ps1
/
:: C:\vlab\show-dashboard-html.ps1
/
:: C:\vlab\show-dashboard-html.ps1
/instances
:: C:\vlab\show-vlabs-html.ps1
/admin
:: C:\vlab\get-vlabstats.ps1
/
:: C:\vlab\show-dashboard-html.ps1
:: C:\vlab\get-vlabstats.ps1
/
:: C:\vlab\show-dashboard-html.ps1
:: C:\vlab\get-vlabstats.ps1
/
:: C:\vlab\show-dashboard-html.ps1
:: C:\vlab\get-vlabstats.ps1
/
:: C:\vlab\show-dashboard-html.ps1
:: C:\vlab\get-vlabstats.ps1
/
:: C:\vlab\show-dashboard-html.ps1
:: C:\vlab\get-vlabstats.ps1
/
:: C:\vlab\show-dashboard-html.ps1
:: C:\vlab\get-vlabstats.ps1
/
:: C:\vlab\show-dashboard-html.ps1
:: C:\vlab\get-vlabstats.ps1
/
:: C:\vlab\show-dashboard-html.ps1
:: C:\vlab\get-vlabstats.ps1
/
:: C:\vlab\show-dashboard-html.ps1
:: C:\vlab\get-vlabstats.ps1
/
:: C:\vlab\show-dashboard-html.ps1
:: C:\vlab\get-vlabstats.ps1
/
:: C:\vlab\show-dashboard-html.ps1
:: C:\vlab\get-vlabstats.ps1
/
:: C:\vlab\show-dashboard-html.ps1
:: C:\vlab\get-vlabstats.ps1
:: C:\vlab\get-vlabstats.ps1
/
:: C:\vlab\show-dashboard-html.ps1
:: C:\vlab\get-vlabstats.ps1
/
:: C:\vlab\show-dashboard-html.ps1
:: C:\vlab\get-vlabstats.ps1
/
:: C:\vlab\show-dashboard-html.ps1
:: C:\vlab\get-vlabstats.ps1
/
:: C:\vlab\show-dashboard-html.ps1
:: C:\vlab\get-vlabstats.ps1
/
:: C:\vlab\show-dashboard-html.ps1
:: C:\vlab\get-vlabstats.ps1
/
:: C:\vlab\show-dashboard-html.ps1
:: C:\vlab\get-vlabstats.ps1
/
:: C:\vlab\show-dashboard-html.ps1
:: C:\vlab\get-vlabstats.ps1
/
:: C:\vlab\show-dashboard-html.ps1
:: C:\vlab\get-vlabstats.ps1
/
:: C:\vlab\show-dashboard-html.ps1
:: C:\vlab\get-vlabstats.ps1
/
:: C:\vlab\show-dashboard-html.ps1
:: C:\vlab\get-vlabstats.ps1
/
:: C:\vlab\show-dashboard-html.ps1
:: C:\vlab\get-vlabstats.ps1
/
:: C:\vlab\show-dashboard-html.ps1
:: C:\vlab\get-vlabstats.ps1
/
:: C:\vlab\show-dashboard-html.ps1
:: C:\vlab\get-vlabstats.ps1
/
:: C:\vlab\show-dashboard-html.ps1
:: C:\vlab\get-vlabstats.ps1
/
:: C:\vlab\show-dashboard-html.ps1
:: C:\vlab\get-vlabstats.ps1
/
:: C:\vlab\show-dashboard-html.ps1
:: C:\vlab\get-vlabstats.ps1
:: C:\vlab\get-vlabstats.ps1
/
:: C:\vlab\show-dashboard-html.ps1
:: C:\vlab\get-vlabstats.ps1
/
:: C:\vlab\show-dashboard-html.ps1
:: C:\vlab\get-vlabstats.ps1
/
:: C:\vlab\show-dashboard-html.ps1
:: C:\vlab\get-vlabstats.ps1
/
:: C:\vlab\show-dashboard-html.ps1
/instances
:: C:\vlab\show-vlabs-html.ps1
/catalog
:: C:\vlab\show-vlabcatalog-html.ps1
/admin
/
:: C:\vlab\show-dashboard-html.ps1
:: C:\vlab\get-vlabstats.ps1
/catalog
:: C:\vlab\show-vlabcatalog-html.ps1
:: C:\vlab\get-vlabstats.ps1
:: C:\vlab\get-vlabstats.ps1
:: C:\vlab\get-vlabstats.ps1
:: C:\vlab\get-vlabstats.ps1
