2021-01-06 22:45:45 - Starting C:\Program Files\nodejs\node.exe  --harmony C:\vlab\node_modules\node-windows\lib\wrapper.js --file C:\vlab\vlab-node.js --scriptoptions= --log "vlab-service wrapper" --grow 0.25 --wait 1 --maxrestarts 3 --abortonerror n --stopparentfirst undefined
2021-01-06 22:45:45 - Started 1452
2021-01-06 22:50:00 - Stopping vlabservice.exe
2021-01-06 22:50:00 - ProcessKill 1452
2021-01-06 22:50:00 - Found child process: 2672 Name: conhost.exe
2021-01-06 22:50:00 - Found child process: 5996 Name: node.exe
2021-01-06 22:50:00 - Stopping process 2672
2021-01-06 22:50:00 - Send SIGINT 2672
2021-01-06 22:50:00 - SIGINT to 2672 failed - Killing as fallback
2021-01-06 22:50:00 - Found child process: 2204 Name: powershell.exe
2021-01-06 22:50:00 - Found child process: 6592 Name: powershell.exe
2021-01-06 22:50:00 - Found child process: 4820 Name: conhost.exe
2021-01-06 22:50:00 - Stopping process 4820
2021-01-06 22:50:00 - Send SIGINT 4820
2021-01-06 22:50:00 - SIGINT to 4820 failed - Killing as fallback
2021-01-06 22:50:00 - Stopping process 2204
2021-01-06 22:50:00 - Send SIGINT 2204
2021-01-06 22:50:00 - SIGINT to 2204 failed - Killing as fallback
2021-01-06 22:50:00 - Found child process: 6600 Name: conhost.exe
2021-01-06 22:50:00 - Stopping process 6600
2021-01-06 22:50:00 - Send SIGINT 6600
2021-01-06 22:50:00 - SIGINT to 6600 failed - Killing as fallback
2021-01-06 22:50:00 - Stopping process 6592
2021-01-06 22:50:00 - Send SIGINT 6592
2021-01-06 22:50:00 - SIGINT to 6592 failed - Killing as fallback
2021-01-06 22:50:00 - Stopping process 5996
2021-01-06 22:50:00 - Send SIGINT 5996
2021-01-06 22:50:00 - SIGINT to 5996 failed - Killing as fallback
2021-01-06 22:50:00 - Stopping process 1452
2021-01-06 22:50:00 - Send SIGINT 1452
2021-01-06 22:50:00 - SIGINT to 1452 failed - Killing as fallback
2021-01-06 22:50:00 - Finished vlabservice.exe
2021-01-06 22:50:36 - Starting C:\Program Files\nodejs\node.exe  --harmony C:\vlab\node_modules\node-windows\lib\wrapper.js --file C:\vlab\vlab-node.js --scriptoptions= --log "vlab-service wrapper" --grow 0.25 --wait 1 --maxrestarts 3 --abortonerror n --stopparentfirst undefined
2021-01-06 22:50:36 - Started 6976
